<?xml version="1.0" encoding="UTF-8"?>
<!-- Generated by org.testng.reporters.JUnitXMLReporter -->
<testsuite ignored="0" hostname="DESKTOP-6891DEK" failures="0" tests="4" name="Surefire test" time="0.032" errors="0" timestamp="10 Jan 2023 11:15:10 GMT">
  <testcase classname="mavenBuildManagement.AppiunTest" name="IOSapp" time="0.007"/>
  <testcase classname="mavenBuildManagement.AppiunTest" name="NativeAPPandroid" time="0.0"/>
  <testcase classname="mavenBuildManagement.SeleniumTest" name="BrowserAuthentication" time="0.001"/>
  <testcase classname="mavenBuildManagement.SeleniumTest" name="elementsUI" time="0.001"/>
</testsuite> <!-- Surefire test -->
