<?xml version="1.0" encoding="UTF-8"?>
<testng-results ignored="0" total="4" passed="4" failed="0" skipped="0">
  <reporter-output>
  </reporter-output>
  <suite started-at="2023-01-10T12:19:48Z" name="Command line suite" finished-at="2023-01-10T12:19:48Z" duration-ms="37">
    <groups>
    </groups>
    <test started-at="2023-01-10T12:19:48Z" name="Command line test" finished-at="2023-01-10T12:19:48Z" duration-ms="37">
      <class name="mavenBuildManagement.AppiunTest">
        <test-method signature="IOSapp()[pri:0, instance:mavenBuildManagement.AppiunTest@3d74bf60]" started-at="2023-01-10T12:19:48Z" name="IOSapp" finished-at="2023-01-10T12:19:48Z" duration-ms="9" status="PASS">
          <reporter-output>
          </reporter-output>
        </test-method> <!-- IOSapp -->
        <test-method signature="NativeAPPandroid()[pri:0, instance:mavenBuildManagement.AppiunTest@3d74bf60]" started-at="2023-01-10T12:19:48Z" name="NativeAPPandroid" finished-at="2023-01-10T12:19:48Z" duration-ms="0" status="PASS">
          <reporter-output>
          </reporter-output>
        </test-method> <!-- NativeAPPandroid -->
      </class> <!-- mavenBuildManagement.AppiunTest -->
      <class name="mavenBuildManagement.SeleniumTest">
        <test-method signature="elementsUI()[pri:0, instance:mavenBuildManagement.SeleniumTest@4f209819]" started-at="2023-01-10T12:19:48Z" name="elementsUI" finished-at="2023-01-10T12:19:48Z" duration-ms="0" status="PASS">
          <reporter-output>
          </reporter-output>
        </test-method> <!-- elementsUI -->
        <test-method signature="BrowserAuthentication()[pri:0, instance:mavenBuildManagement.SeleniumTest@4f209819]" started-at="2023-01-10T12:19:48Z" name="BrowserAuthentication" finished-at="2023-01-10T12:19:48Z" duration-ms="0" status="PASS">
          <reporter-output>
          </reporter-output>
        </test-method> <!-- BrowserAuthentication -->
      </class> <!-- mavenBuildManagement.SeleniumTest -->
    </test> <!-- Command line test -->
  </suite> <!-- Command line suite -->
</testng-results>
